<?xml version="1.0" encoding="UTF-8"?>
<testsuite xmlns:xsi="http://www.w3.org/2001/XMLSchema-instance" xsi:noNamespaceSchemaLocation="https://maven.apache.org/surefire/maven-surefire-plugin/xsd/surefire-test-report.xsd" version="3.0.2" name="com.example.Calculator.CalculatorApplicationTests" time="2.105" tests="1" errors="0" skipped="0" failures="0">
  <properties>
    <property name="java.specification.version" value="24"/>
    <property name="sun.cpu.isalist" value="amd64"/>
    <property name="sun.jnu.encoding" value="Cp1252"/>
    <property name="java.class.path" value="C:\Users\AK\Desktop\CONCORDIA\Projects\deploy\Calculator Web App\target\test-classes;C:\Users\AK\Desktop\CONCORDIA\Projects\deploy\Calculator Web App\target\classes;C:\Users\AK\.m2\repository\com\vaadin\vaadin-spring-boot-starter\24.8.6\vaadin-spring-boot-starter-24.8.6.jar;C:\Users\AK\.m2\repository\com\vaadin\vaadin-spring\24.8.5\vaadin-spring-24.8.5.jar;C:\Users\AK\.m2\repository\com\vaadin\flow-server\24.8.5\flow-server-24.8.5.jar;C:\Users\AK\.m2\repository\com\vaadin\signals\24.8.5\signals-24.8.5.jar;C:\Users\AK\.m2\repository\com\vaadin\servletdetector\throw-if-servlet3\1.0.2\throw-if-servlet3-1.0.2.jar;C:\Users\AK\.m2\repository\org\jspecify\jspecify\1.0.0\jspecify-1.0.0.jar;C:\Users\AK\.m2\repository\com\vaadin\external\gwt\gwt-elemental\2.8.2.vaadin2\gwt-elemental-2.8.2.vaadin2.jar;C:\Users\AK\.m2\repository\org\apache\commons\commons-fileupload2-jakarta-servlet6\2.0.0-M4\commons-fileupload2-jakarta-servlet6-2.0.0-M4.jar;C:\Users\AK\.m2\repository\org\apache\commons\commons-fileupload2-core\2.0.0-M4\commons-fileupload2-core-2.0.0-M4.jar;C:\Users\AK\.m2\repository\commons-io\commons-io\2.19.0\commons-io-2.19.0.jar;C:\Users\AK\.m2\repository\com\fasterxml\jackson\core\jackson-core\2.19.2\jackson-core-2.19.2.jar;C:\Users\AK\.m2\repository\com\fasterxml\jackson\core\jackson-databind\2.19.2\jackson-databind-2.19.2.jar;C:\Users\AK\.m2\repository\com\fasterxml\jackson\core\jackson-annotations\2.19.2\jackson-annotations-2.19.2.jar;C:\Users\AK\.m2\repository\com\fasterxml\jackson\datatype\jackson-datatype-jsr310\2.19.2\jackson-datatype-jsr310-2.19.2.jar;C:\Users\AK\.m2\repository\org\jsoup\jsoup\1.20.1\jsoup-1.20.1.jar;C:\Users\AK\.m2\repository\com\helger\ph-css\7.0.4\ph-css-7.0.4.jar;C:\Users\AK\.m2\repository\com\helger\commons\ph-commons\11.2.0\ph-commons-11.2.0.jar;C:\Users\AK\.m2\repository\org\ow2\asm\asm\9.8\asm-9.8.jar;C:\Users\AK\.m2\repository\com\vaadin\external\gentyref\1.2.0.vaadin1\gentyref-1.2.0.vaadin1.jar;C:\Users\AK\.m2\repository\org\apache\commons\commons-compress\1.27.1\commons-compress-1.27.1.jar;C:\Users\AK\.m2\repository\commons-codec\commons-codec\1.18.0\commons-codec-1.18.0.jar;C:\Users\AK\.m2\repository\org\apache\commons\commons-lang3\3.17.0\commons-lang3-3.17.0.jar;C:\Users\AK\.m2\repository\com\vaadin\flow-push\24.8.5\flow-push-24.8.5.jar;C:\Users\AK\.m2\repository\com\vaadin\external\atmosphere\atmosphere-runtime\3.0.5.slf4jvaadin1\atmosphere-runtime-3.0.5.slf4jvaadin1.jar;C:\Users\AK\.m2\repository\com\vaadin\flow-client\24.8.5\flow-client-24.8.5.jar;C:\Users\AK\.m2\repository\org\springframework\spring-webmvc\6.2.9\spring-webmvc-6.2.9.jar;C:\Users\AK\.m2\repository\org\springframework\spring-aop\6.2.9\spring-aop-6.2.9.jar;C:\Users\AK\.m2\repository\org\springframework\spring-beans\6.2.9\spring-beans-6.2.9.jar;C:\Users\AK\.m2\repository\org\springframework\spring-expression\6.2.9\spring-expression-6.2.9.jar;C:\Users\AK\.m2\repository\org\springframework\spring-websocket\6.2.9\spring-websocket-6.2.9.jar;C:\Users\AK\.m2\repository\org\hibernate\validator\hibernate-validator\8.0.2.Final\hibernate-validator-8.0.2.Final.jar;C:\Users\AK\.m2\repository\jakarta\validation\jakarta.validation-api\3.0.2\jakarta.validation-api-3.0.2.jar;C:\Users\AK\.m2\repository\org\jboss\logging\jboss-logging\3.6.1.Final\jboss-logging-3.6.1.Final.jar;C:\Users\AK\.m2\repository\com\fasterxml\classmate\1.7.0\classmate-1.7.0.jar;C:\Users\AK\.m2\repository\org\reflections\reflections\0.10.2\reflections-0.10.2.jar;C:\Users\AK\.m2\repository\com\google\code\findbugs\jsr305\3.0.2\jsr305-3.0.2.jar;C:\Users\AK\.m2\repository\org\javassist\javassist\3.30.2-GA\javassist-3.30.2-GA.jar;C:\Users\AK\.m2\repository\com\vaadin\hilla\24.8.6\hilla-24.8.6.jar;C:\Users\AK\.m2\repository\com\vaadin\hilla-endpoint\24.8.6\hilla-endpoint-24.8.6.jar;C:\Users\AK\.m2\repository\com\vaadin\hilla-engine-core\24.8.6\hilla-engine-core-24.8.6.jar;C:\Users\AK\.m2\repository\com\vaadin\hilla-parser-jvm-core\24.8.6\hilla-parser-jvm-core-24.8.6.jar;C:\Users\AK\.m2\repository\io\github\classgraph\classgraph\4.8.179\classgraph-4.8.179.jar;C:\Users\AK\.m2\repository\com\fasterxml\jackson\dataformat\jackson-dataformat-yaml\2.19.2\jackson-dataformat-yaml-2.19.2.jar;C:\Users\AK\.m2\repository\com\vaadin\hilla-parser-jvm-plugin-backbone\24.8.6\hilla-parser-jvm-plugin-backbone-24.8.6.jar;C:\Users\AK\.m2\repository\com\vaadin\hilla-parser-jvm-plugin-nonnull\24.8.6\hilla-parser-jvm-plugin-nonnull-24.8.6.jar;C:\Users\AK\.m2\repository\com\vaadin\hilla-parser-jvm-plugin-nonnull-kotlin\24.8.6\hilla-parser-jvm-plugin-nonnull-kotlin-24.8.6.jar;C:\Users\AK\.m2\repository\org\jetbrains\kotlin\kotlin-reflect\1.9.25\kotlin-reflect-1.9.25.jar;C:\Users\AK\.m2\repository\org\jetbrains\kotlin\kotlin-stdlib\1.9.25\kotlin-stdlib-1.9.25.jar;C:\Users\AK\.m2\repository\org\jetbrains\annotations\13.0\annotations-13.0.jar;C:\Users\AK\.m2\repository\com\vaadin\hilla-parser-jvm-plugin-subtypes\24.8.6\hilla-parser-jvm-plugin-subtypes-24.8.6.jar;C:\Users\AK\.m2\repository\com\vaadin\hilla-parser-jvm-plugin-model\24.8.6\hilla-parser-jvm-plugin-model-24.8.6.jar;C:\Users\AK\.m2\repository\com\vaadin\hilla-parser-jvm-plugin-transfertypes\24.8.6\hilla-parser-jvm-plugin-transfertypes-24.8.6.jar;C:\Users\AK\.m2\repository\org\springframework\data\spring-data-commons\3.5.2\spring-data-commons-3.5.2.jar;C:\Users\AK\.m2\repository\io\projectreactor\reactor-core\3.7.8\reactor-core-3.7.8.jar;C:\Users\AK\.m2\repository\org\reactivestreams\reactive-streams\1.0.4\reactive-streams-1.0.4.jar;C:\Users\AK\.m2\repository\com\fasterxml\jackson\module\jackson-module-parameter-names\2.19.2\jackson-module-parameter-names-2.19.2.jar;C:\Users\AK\.m2\repository\com\fasterxml\jackson\datatype\jackson-datatype-jdk8\2.19.2\jackson-datatype-jdk8-2.19.2.jar;C:\Users\AK\.m2\repository\org\springframework\security\spring-security-core\6.5.2\spring-security-core-6.5.2.jar;C:\Users\AK\.m2\repository\org\springframework\security\spring-security-crypto\6.5.2\spring-security-crypto-6.5.2.jar;C:\Users\AK\.m2\repository\com\github\javaparser\javaparser-symbol-solver-core\3.26.4\javaparser-symbol-solver-core-3.26.4.jar;C:\Users\AK\.m2\repository\com\github\javaparser\javaparser-core\3.26.4\javaparser-core-3.26.4.jar;C:\Users\AK\.m2\repository\com\google\guava\guava\33.4.0-jre\guava-33.4.0-jre.jar;C:\Users\AK\.m2\repository\com\google\guava\failureaccess\1.0.2\failureaccess-1.0.2.jar;C:\Users\AK\.m2\repository\com\google\guava\listenablefuture\9999.0-empty-to-avoid-conflict-with-guava\listenablefuture-9999.0-empty-to-avoid-conflict-with-guava.jar;C:\Users\AK\.m2\repository\org\checkerframework\checker-qual\3.43.0\checker-qual-3.43.0.jar;C:\Users\AK\.m2\repository\com\google\errorprone\error_prone_annotations\2.36.0\error_prone_annotations-2.36.0.jar;C:\Users\AK\.m2\repository\com\google\j2objc\j2objc-annotations\3.0.0\j2objc-annotations-3.0.0.jar;C:\Users\AK\.m2\repository\com\vaadin\hilla-parser-jvm-utils\24.8.6\hilla-parser-jvm-utils-24.8.6.jar;C:\Users\AK\.m2\repository\io\swagger\core\v3\swagger-core-jakarta\2.2.32\swagger-core-jakarta-2.2.32.jar;C:\Users\AK\.m2\repository\io\swagger\core\v3\swagger-annotations-jakarta\2.2.32\swagger-annotations-jakarta-2.2.32.jar;C:\Users\AK\.m2\repository\io\swagger\core\v3\swagger-models-jakarta\2.2.32\swagger-models-jakarta-2.2.32.jar;C:\Users\AK\.m2\repository\com\vaadin\hilla-runtime-plugin-transfertypes\24.8.6\hilla-runtime-plugin-transfertypes-24.8.6.jar;C:\Users\AK\.m2\repository\com\vaadin\hilla-engine-runtime\24.8.6\hilla-engine-runtime-24.8.6.jar;C:\Users\AK\.m2\repository\org\springframework\boot\spring-boot-starter-web\3.5.4\spring-boot-starter-web-3.5.4.jar;C:\Users\AK\.m2\repository\org\springframework\boot\spring-boot-starter-json\3.5.4\spring-boot-starter-json-3.5.4.jar;C:\Users\AK\.m2\repository\org\springframework\boot\spring-boot-starter-tomcat\3.5.4\spring-boot-starter-tomcat-3.5.4.jar;C:\Users\AK\.m2\repository\org\apache\tomcat\embed\tomcat-embed-core\10.1.43\tomcat-embed-core-10.1.43.jar;C:\Users\AK\.m2\repository\org\apache\tomcat\embed\tomcat-embed-el\10.1.43\tomcat-embed-el-10.1.43.jar;C:\Users\AK\.m2\repository\org\apache\tomcat\embed\tomcat-embed-websocket\10.1.43\tomcat-embed-websocket-10.1.43.jar;C:\Users\AK\.m2\repository\org\springframework\spring-web\6.2.9\spring-web-6.2.9.jar;C:\Users\AK\.m2\repository\io\micrometer\micrometer-observation\1.15.2\micrometer-observation-1.15.2.jar;C:\Users\AK\.m2\repository\io\micrometer\micrometer-commons\1.15.2\micrometer-commons-1.15.2.jar;C:\Users\AK\.m2\repository\org\springframework\boot\spring-boot-devtools\3.5.4\spring-boot-devtools-3.5.4.jar;C:\Users\AK\.m2\repository\org\springframework\boot\spring-boot\3.5.4\spring-boot-3.5.4.jar;C:\Users\AK\.m2\repository\org\springframework\spring-context\6.2.9\spring-context-6.2.9.jar;C:\Users\AK\.m2\repository\org\springframework\boot\spring-boot-autoconfigure\3.5.4\spring-boot-autoconfigure-3.5.4.jar;C:\Users\AK\.m2\repository\org\springframework\boot\spring-boot-starter-test\3.5.4\spring-boot-starter-test-3.5.4.jar;C:\Users\AK\.m2\repository\org\springframework\boot\spring-boot-starter\3.5.4\spring-boot-starter-3.5.4.jar;C:\Users\AK\.m2\repository\org\springframework\boot\spring-boot-starter-logging\3.5.4\spring-boot-starter-logging-3.5.4.jar;C:\Users\AK\.m2\repository\ch\qos\logback\logback-classic\1.5.18\logback-classic-1.5.18.jar;C:\Users\AK\.m2\repository\ch\qos\logback\logback-core\1.5.18\logback-core-1.5.18.jar;C:\Users\AK\.m2\repository\org\apache\logging\log4j\log4j-to-slf4j\2.24.3\log4j-to-slf4j-2.24.3.jar;C:\Users\AK\.m2\repository\org\apache\logging\log4j\log4j-api\2.24.3\log4j-api-2.24.3.jar;C:\Users\AK\.m2\repository\org\slf4j\jul-to-slf4j\2.0.17\jul-to-slf4j-2.0.17.jar;C:\Users\AK\.m2\repository\jakarta\annotation\jakarta.annotation-api\2.1.1\jakarta.annotation-api-2.1.1.jar;C:\Users\AK\.m2\repository\org\yaml\snakeyaml\2.4\snakeyaml-2.4.jar;C:\Users\AK\.m2\repository\org\springframework\boot\spring-boot-test\3.5.4\spring-boot-test-3.5.4.jar;C:\Users\AK\.m2\repository\org\springframework\boot\spring-boot-test-autoconfigure\3.5.4\spring-boot-test-autoconfigure-3.5.4.jar;C:\Users\AK\.m2\repository\com\jayway\jsonpath\json-path\2.9.0\json-path-2.9.0.jar;C:\Users\AK\.m2\repository\org\slf4j\slf4j-api\2.0.17\slf4j-api-2.0.17.jar;C:\Users\AK\.m2\repository\jakarta\xml\bind\jakarta.xml.bind-api\4.0.2\jakarta.xml.bind-api-4.0.2.jar;C:\Users\AK\.m2\repository\jakarta\activation\jakarta.activation-api\2.1.3\jakarta.activation-api-2.1.3.jar;C:\Users\AK\.m2\repository\net\minidev\json-smart\2.5.2\json-smart-2.5.2.jar;C:\Users\AK\.m2\repository\net\minidev\accessors-smart\2.5.2\accessors-smart-2.5.2.jar;C:\Users\AK\.m2\repository\org\assertj\assertj-core\3.27.3\assertj-core-3.27.3.jar;C:\Users\AK\.m2\repository\net\bytebuddy\byte-buddy\1.17.6\byte-buddy-1.17.6.jar;C:\Users\AK\.m2\repository\org\awaitility\awaitility\4.2.2\awaitility-4.2.2.jar;C:\Users\AK\.m2\repository\org\hamcrest\hamcrest\3.0\hamcrest-3.0.jar;C:\Users\AK\.m2\repository\org\junit\jupiter\junit-jupiter\5.12.2\junit-jupiter-5.12.2.jar;C:\Users\AK\.m2\repository\org\junit\jupiter\junit-jupiter-api\5.12.2\junit-jupiter-api-5.12.2.jar;C:\Users\AK\.m2\repository\org\opentest4j\opentest4j\1.3.0\opentest4j-1.3.0.jar;C:\Users\AK\.m2\repository\org\junit\platform\junit-platform-commons\1.12.2\junit-platform-commons-1.12.2.jar;C:\Users\AK\.m2\repository\org\apiguardian\apiguardian-api\1.1.2\apiguardian-api-1.1.2.jar;C:\Users\AK\.m2\repository\org\junit\jupiter\junit-jupiter-params\5.12.2\junit-jupiter-params-5.12.2.jar;C:\Users\AK\.m2\repository\org\junit\jupiter\junit-jupiter-engine\5.12.2\junit-jupiter-engine-5.12.2.jar;C:\Users\AK\.m2\repository\org\junit\platform\junit-platform-engine\1.12.2\junit-platform-engine-1.12.2.jar;C:\Users\AK\.m2\repository\org\mockito\mockito-core\5.17.0\mockito-core-5.17.0.jar;C:\Users\AK\.m2\repository\net\bytebuddy\byte-buddy-agent\1.17.6\byte-buddy-agent-1.17.6.jar;C:\Users\AK\.m2\repository\org\objenesis\objenesis\3.3\objenesis-3.3.jar;C:\Users\AK\.m2\repository\org\mockito\mockito-junit-jupiter\5.17.0\mockito-junit-jupiter-5.17.0.jar;C:\Users\AK\.m2\repository\org\skyscreamer\jsonassert\1.5.3\jsonassert-1.5.3.jar;C:\Users\AK\.m2\repository\com\vaadin\external\google\android-json\0.0.20131108.vaadin1\android-json-0.0.20131108.vaadin1.jar;C:\Users\AK\.m2\repository\org\springframework\spring-core\6.2.9\spring-core-6.2.9.jar;C:\Users\AK\.m2\repository\org\springframework\spring-jcl\6.2.9\spring-jcl-6.2.9.jar;C:\Users\AK\.m2\repository\org\springframework\spring-test\6.2.9\spring-test-6.2.9.jar;C:\Users\AK\.m2\repository\org\xmlunit\xmlunit-core\2.10.3\xmlunit-core-2.10.3.jar;C:\Users\AK\.m2\repository\com\vaadin\vaadin-core\24.8.6\vaadin-core-24.8.6.jar;C:\Users\AK\.m2\repository\com\vaadin\vaadin-core-internal\24.8.6\vaadin-core-internal-24.8.6.jar;C:\Users\AK\.m2\repository\com\vaadin\flow-lit-template\24.8.5\flow-lit-template-24.8.5.jar;C:\Users\AK\.m2\repository\com\vaadin\flow-react\24.8.5\flow-react-24.8.5.jar;C:\Users\AK\.m2\repository\com\vaadin\flow-html-components\24.8.5\flow-html-components-24.8.5.jar;C:\Users\AK\.m2\repository\com\vaadin\flow-data\24.8.5\flow-data-24.8.5.jar;C:\Users\AK\.m2\repository\com\vaadin\flow-dnd\24.8.5\flow-dnd-24.8.5.jar;C:\Users\AK\.m2\repository\com\vaadin\vaadin-lumo-theme\24.8.6\vaadin-lumo-theme-24.8.6.jar;C:\Users\AK\.m2\repository\com\vaadin\vaadin-icons-flow\24.8.6\vaadin-icons-flow-24.8.6.jar;C:\Users\AK\.m2\repository\com\vaadin\vaadin-flow-components-base\24.8.6\vaadin-flow-components-base-24.8.6.jar;C:\Users\AK\.m2\repository\com\vaadin\vaadin-material-theme\24.8.6\vaadin-material-theme-24.8.6.jar;C:\Users\AK\.m2\repository\com\vaadin\vaadin-core-components\24.8.6\vaadin-core-components-24.8.6.jar;C:\Users\AK\.m2\repository\com\vaadin\vaadin-accordion-flow\24.8.6\vaadin-accordion-flow-24.8.6.jar;C:\Users\AK\.m2\repository\com\vaadin\vaadin-avatar-flow\24.8.6\vaadin-avatar-flow-24.8.6.jar;C:\Users\AK\.m2\repository\com\vaadin\vaadin-button-flow\24.8.6\vaadin-button-flow-24.8.6.jar;C:\Users\AK\.m2\repository\com\vaadin\vaadin-card-flow\24.8.6\vaadin-card-flow-24.8.6.jar;C:\Users\AK\.m2\repository\com\vaadin\vaadin-checkbox-flow\24.8.6\vaadin-checkbox-flow-24.8.6.jar;C:\Users\AK\.m2\repository\com\vaadin\vaadin-combo-box-flow\24.8.6\vaadin-combo-box-flow-24.8.6.jar;C:\Users\AK\.m2\repository\com\vaadin\vaadin-confirm-dialog-flow\24.8.6\vaadin-confirm-dialog-flow-24.8.6.jar;C:\Users\AK\.m2\repository\com\vaadin\vaadin-custom-field-flow\24.8.6\vaadin-custom-field-flow-24.8.6.jar;C:\Users\AK\.m2\repository\com\vaadin\vaadin-date-picker-flow\24.8.6\vaadin-date-picker-flow-24.8.6.jar;C:\Users\AK\.m2\repository\com\vaadin\vaadin-date-time-picker-flow\24.8.6\vaadin-date-time-picker-flow-24.8.6.jar;C:\Users\AK\.m2\repository\com\vaadin\vaadin-details-flow\24.8.6\vaadin-details-flow-24.8.6.jar;C:\Users\AK\.m2\repository\com\vaadin\vaadin-time-picker-flow\24.8.6\vaadin-time-picker-flow-24.8.6.jar;C:\Users\AK\.m2\repository\com\vaadin\vaadin-select-flow\24.8.6\vaadin-select-flow-24.8.6.jar;C:\Users\AK\.m2\repository\com\vaadin\vaadin-side-nav-flow\24.8.6\vaadin-side-nav-flow-24.8.6.jar;C:\Users\AK\.m2\repository\com\vaadin\vaadin-dialog-flow\24.8.6\vaadin-dialog-flow-24.8.6.jar;C:\Users\AK\.m2\repository\com\vaadin\vaadin-form-layout-flow\24.8.6\vaadin-form-layout-flow-24.8.6.jar;C:\Users\AK\.m2\repository\com\vaadin\vaadin-field-highlighter-flow\24.8.6\vaadin-field-highlighter-flow-24.8.6.jar;C:\Users\AK\.m2\repository\com\vaadin\vaadin-grid-flow\24.8.6\vaadin-grid-flow-24.8.6.jar;C:\Users\AK\.m2\repository\com\vaadin\vaadin-virtual-list-flow\24.8.6\vaadin-virtual-list-flow-24.8.6.jar;C:\Users\AK\.m2\repository\com\vaadin\vaadin-list-box-flow\24.8.6\vaadin-list-box-flow-24.8.6.jar;C:\Users\AK\.m2\repository\com\vaadin\vaadin-login-flow\24.8.6\vaadin-login-flow-24.8.6.jar;C:\Users\AK\.m2\repository\com\vaadin\vaadin-markdown-flow\24.8.6\vaadin-markdown-flow-24.8.6.jar;C:\Users\AK\.m2\repository\com\vaadin\vaadin-master-detail-layout-flow\24.8.6\vaadin-master-detail-layout-flow-24.8.6.jar;C:\Users\AK\.m2\repository\com\vaadin\vaadin-messages-flow\24.8.6\vaadin-messages-flow-24.8.6.jar;C:\Users\AK\.m2\repository\com\vaadin\vaadin-ordered-layout-flow\24.8.6\vaadin-ordered-layout-flow-24.8.6.jar;C:\Users\AK\.m2\repository\com\vaadin\vaadin-progress-bar-flow\24.8.6\vaadin-progress-bar-flow-24.8.6.jar;C:\Users\AK\.m2\repository\com\vaadin\vaadin-popover-flow\24.8.6\vaadin-popover-flow-24.8.6.jar;C:\Users\AK\.m2\repository\com\vaadin\vaadin-radio-button-flow\24.8.6\vaadin-radio-button-flow-24.8.6.jar;C:\Users\AK\.m2\repository\com\vaadin\vaadin-renderer-flow\24.8.6\vaadin-renderer-flow-24.8.6.jar;C:\Users\AK\.m2\repository\com\vaadin\vaadin-split-layout-flow\24.8.6\vaadin-split-layout-flow-24.8.6.jar;C:\Users\AK\.m2\repository\com\vaadin\vaadin-tabs-flow\24.8.6\vaadin-tabs-flow-24.8.6.jar;C:\Users\AK\.m2\repository\com\vaadin\vaadin-text-field-flow\24.8.6\vaadin-text-field-flow-24.8.6.jar;C:\Users\AK\.m2\repository\com\vaadin\vaadin-upload-flow\24.8.6\vaadin-upload-flow-24.8.6.jar;C:\Users\AK\.m2\repository\com\vaadin\vaadin-notification-flow\24.8.6\vaadin-notification-flow-24.8.6.jar;C:\Users\AK\.m2\repository\com\vaadin\vaadin-app-layout-flow\24.8.6\vaadin-app-layout-flow-24.8.6.jar;C:\Users\AK\.m2\repository\com\vaadin\vaadin-context-menu-flow\24.8.6\vaadin-context-menu-flow-24.8.6.jar;C:\Users\AK\.m2\repository\com\vaadin\vaadin-menu-bar-flow\24.8.6\vaadin-menu-bar-flow-24.8.6.jar;C:\Users\AK\.m2\repository\com\vaadin\collaboration-engine\6.5.0\collaboration-engine-6.5.0.jar;"/>
    <property name="java.vm.vendor" value="Oracle Corporation"/>
    <property name="sun.arch.data.model" value="64"/>
    <property name="user.variant" value=""/>
    <property name="spring.devtools.livereload.port" value="35729"/>
    <property name="java.vendor.url" value="https://java.oracle.com/"/>
    <property name="user.timezone" value="America/Toronto"/>
    <property name="org.jboss.logging.provider" value="slf4j"/>
    <property name="os.name" value="Windows 11"/>
    <property name="java.vm.specification.version" value="24"/>
    <property name="APPLICATION_NAME" value="calculator"/>
    <property name="sun.java.launcher" value="SUN_STANDARD"/>
    <property name="user.country" value="US"/>
    <property name="sun.boot.library.path" value="C:\Program Files\Java\jdk-24\bin"/>
    <property name="sun.java.command" value="C:\Users\AK\AppData\Local\Temp\surefire13542297945594287987\surefirebooter-20250820190656448_3.jar C:\Users\AK\AppData\Local\Temp\surefire13542297945594287987 2025-08-20T19-06-56_379-jvmRun1 surefire-20250820190656448_1tmp surefire_0-20250820190656448_2tmp"/>
    <property name="jdk.debug" value="release"/>
    <property name="surefire.test.class.path" value="C:\Users\AK\Desktop\CONCORDIA\Projects\deploy\Calculator Web App\target\test-classes;C:\Users\AK\Desktop\CONCORDIA\Projects\deploy\Calculator Web App\target\classes;C:\Users\AK\.m2\repository\com\vaadin\vaadin-spring-boot-starter\24.8.6\vaadin-spring-boot-starter-24.8.6.jar;C:\Users\AK\.m2\repository\com\vaadin\vaadin-spring\24.8.5\vaadin-spring-24.8.5.jar;C:\Users\AK\.m2\repository\com\vaadin\flow-server\24.8.5\flow-server-24.8.5.jar;C:\Users\AK\.m2\repository\com\vaadin\signals\24.8.5\signals-24.8.5.jar;C:\Users\AK\.m2\repository\com\vaadin\servletdetector\throw-if-servlet3\1.0.2\throw-if-servlet3-1.0.2.jar;C:\Users\AK\.m2\repository\org\jspecify\jspecify\1.0.0\jspecify-1.0.0.jar;C:\Users\AK\.m2\repository\com\vaadin\external\gwt\gwt-elemental\2.8.2.vaadin2\gwt-elemental-2.8.2.vaadin2.jar;C:\Users\AK\.m2\repository\org\apache\commons\commons-fileupload2-jakarta-servlet6\2.0.0-M4\commons-fileupload2-jakarta-servlet6-2.0.0-M4.jar;C:\Users\AK\.m2\repository\org\apache\commons\commons-fileupload2-core\2.0.0-M4\commons-fileupload2-core-2.0.0-M4.jar;C:\Users\AK\.m2\repository\commons-io\commons-io\2.19.0\commons-io-2.19.0.jar;C:\Users\AK\.m2\repository\com\fasterxml\jackson\core\jackson-core\2.19.2\jackson-core-2.19.2.jar;C:\Users\AK\.m2\repository\com\fasterxml\jackson\core\jackson-databind\2.19.2\jackson-databind-2.19.2.jar;C:\Users\AK\.m2\repository\com\fasterxml\jackson\core\jackson-annotations\2.19.2\jackson-annotations-2.19.2.jar;C:\Users\AK\.m2\repository\com\fasterxml\jackson\datatype\jackson-datatype-jsr310\2.19.2\jackson-datatype-jsr310-2.19.2.jar;C:\Users\AK\.m2\repository\org\jsoup\jsoup\1.20.1\jsoup-1.20.1.jar;C:\Users\AK\.m2\repository\com\helger\ph-css\7.0.4\ph-css-7.0.4.jar;C:\Users\AK\.m2\repository\com\helger\commons\ph-commons\11.2.0\ph-commons-11.2.0.jar;C:\Users\AK\.m2\repository\org\ow2\asm\asm\9.8\asm-9.8.jar;C:\Users\AK\.m2\repository\com\vaadin\external\gentyref\1.2.0.vaadin1\gentyref-1.2.0.vaadin1.jar;C:\Users\AK\.m2\repository\org\apache\commons\commons-compress\1.27.1\commons-compress-1.27.1.jar;C:\Users\AK\.m2\repository\commons-codec\commons-codec\1.18.0\commons-codec-1.18.0.jar;C:\Users\AK\.m2\repository\org\apache\commons\commons-lang3\3.17.0\commons-lang3-3.17.0.jar;C:\Users\AK\.m2\repository\com\vaadin\flow-push\24.8.5\flow-push-24.8.5.jar;C:\Users\AK\.m2\repository\com\vaadin\external\atmosphere\atmosphere-runtime\3.0.5.slf4jvaadin1\atmosphere-runtime-3.0.5.slf4jvaadin1.jar;C:\Users\AK\.m2\repository\com\vaadin\flow-client\24.8.5\flow-client-24.8.5.jar;C:\Users\AK\.m2\repository\org\springframework\spring-webmvc\6.2.9\spring-webmvc-6.2.9.jar;C:\Users\AK\.m2\repository\org\springframework\spring-aop\6.2.9\spring-aop-6.2.9.jar;C:\Users\AK\.m2\repository\org\springframework\spring-beans\6.2.9\spring-beans-6.2.9.jar;C:\Users\AK\.m2\repository\org\springframework\spring-expression\6.2.9\spring-expression-6.2.9.jar;C:\Users\AK\.m2\repository\org\springframework\spring-websocket\6.2.9\spring-websocket-6.2.9.jar;C:\Users\AK\.m2\repository\org\hibernate\validator\hibernate-validator\8.0.2.Final\hibernate-validator-8.0.2.Final.jar;C:\Users\AK\.m2\repository\jakarta\validation\jakarta.validation-api\3.0.2\jakarta.validation-api-3.0.2.jar;C:\Users\AK\.m2\repository\org\jboss\logging\jboss-logging\3.6.1.Final\jboss-logging-3.6.1.Final.jar;C:\Users\AK\.m2\repository\com\fasterxml\classmate\1.7.0\classmate-1.7.0.jar;C:\Users\AK\.m2\repository\org\reflections\reflections\0.10.2\reflections-0.10.2.jar;C:\Users\AK\.m2\repository\com\google\code\findbugs\jsr305\3.0.2\jsr305-3.0.2.jar;C:\Users\AK\.m2\repository\org\javassist\javassist\3.30.2-GA\javassist-3.30.2-GA.jar;C:\Users\AK\.m2\repository\com\vaadin\hilla\24.8.6\hilla-24.8.6.jar;C:\Users\AK\.m2\repository\com\vaadin\hilla-endpoint\24.8.6\hilla-endpoint-24.8.6.jar;C:\Users\AK\.m2\repository\com\vaadin\hilla-engine-core\24.8.6\hilla-engine-core-24.8.6.jar;C:\Users\AK\.m2\repository\com\vaadin\hilla-parser-jvm-core\24.8.6\hilla-parser-jvm-core-24.8.6.jar;C:\Users\AK\.m2\repository\io\github\classgraph\classgraph\4.8.179\classgraph-4.8.179.jar;C:\Users\AK\.m2\repository\com\fasterxml\jackson\dataformat\jackson-dataformat-yaml\2.19.2\jackson-dataformat-yaml-2.19.2.jar;C:\Users\AK\.m2\repository\com\vaadin\hilla-parser-jvm-plugin-backbone\24.8.6\hilla-parser-jvm-plugin-backbone-24.8.6.jar;C:\Users\AK\.m2\repository\com\vaadin\hilla-parser-jvm-plugin-nonnull\24.8.6\hilla-parser-jvm-plugin-nonnull-24.8.6.jar;C:\Users\AK\.m2\repository\com\vaadin\hilla-parser-jvm-plugin-nonnull-kotlin\24.8.6\hilla-parser-jvm-plugin-nonnull-kotlin-24.8.6.jar;C:\Users\AK\.m2\repository\org\jetbrains\kotlin\kotlin-reflect\1.9.25\kotlin-reflect-1.9.25.jar;C:\Users\AK\.m2\repository\org\jetbrains\kotlin\kotlin-stdlib\1.9.25\kotlin-stdlib-1.9.25.jar;C:\Users\AK\.m2\repository\org\jetbrains\annotations\13.0\annotations-13.0.jar;C:\Users\AK\.m2\repository\com\vaadin\hilla-parser-jvm-plugin-subtypes\24.8.6\hilla-parser-jvm-plugin-subtypes-24.8.6.jar;C:\Users\AK\.m2\repository\com\vaadin\hilla-parser-jvm-plugin-model\24.8.6\hilla-parser-jvm-plugin-model-24.8.6.jar;C:\Users\AK\.m2\repository\com\vaadin\hilla-parser-jvm-plugin-transfertypes\24.8.6\hilla-parser-jvm-plugin-transfertypes-24.8.6.jar;C:\Users\AK\.m2\repository\org\springframework\data\spring-data-commons\3.5.2\spring-data-commons-3.5.2.jar;C:\Users\AK\.m2\repository\io\projectreactor\reactor-core\3.7.8\reactor-core-3.7.8.jar;C:\Users\AK\.m2\repository\org\reactivestreams\reactive-streams\1.0.4\reactive-streams-1.0.4.jar;C:\Users\AK\.m2\repository\com\fasterxml\jackson\module\jackson-module-parameter-names\2.19.2\jackson-module-parameter-names-2.19.2.jar;C:\Users\AK\.m2\repository\com\fasterxml\jackson\datatype\jackson-datatype-jdk8\2.19.2\jackson-datatype-jdk8-2.19.2.jar;C:\Users\AK\.m2\repository\org\springframework\security\spring-security-core\6.5.2\spring-security-core-6.5.2.jar;C:\Users\AK\.m2\repository\org\springframework\security\spring-security-crypto\6.5.2\spring-security-crypto-6.5.2.jar;C:\Users\AK\.m2\repository\com\github\javaparser\javaparser-symbol-solver-core\3.26.4\javaparser-symbol-solver-core-3.26.4.jar;C:\Users\AK\.m2\repository\com\github\javaparser\javaparser-core\3.26.4\javaparser-core-3.26.4.jar;C:\Users\AK\.m2\repository\com\google\guava\guava\33.4.0-jre\guava-33.4.0-jre.jar;C:\Users\AK\.m2\repository\com\google\guava\failureaccess\1.0.2\failureaccess-1.0.2.jar;C:\Users\AK\.m2\repository\com\google\guava\listenablefuture\9999.0-empty-to-avoid-conflict-with-guava\listenablefuture-9999.0-empty-to-avoid-conflict-with-guava.jar;C:\Users\AK\.m2\repository\org\checkerframework\checker-qual\3.43.0\checker-qual-3.43.0.jar;C:\Users\AK\.m2\repository\com\google\errorprone\error_prone_annotations\2.36.0\error_prone_annotations-2.36.0.jar;C:\Users\AK\.m2\repository\com\google\j2objc\j2objc-annotations\3.0.0\j2objc-annotations-3.0.0.jar;C:\Users\AK\.m2\repository\com\vaadin\hilla-parser-jvm-utils\24.8.6\hilla-parser-jvm-utils-24.8.6.jar;C:\Users\AK\.m2\repository\io\swagger\core\v3\swagger-core-jakarta\2.2.32\swagger-core-jakarta-2.2.32.jar;C:\Users\AK\.m2\repository\io\swagger\core\v3\swagger-annotations-jakarta\2.2.32\swagger-annotations-jakarta-2.2.32.jar;C:\Users\AK\.m2\repository\io\swagger\core\v3\swagger-models-jakarta\2.2.32\swagger-models-jakarta-2.2.32.jar;C:\Users\AK\.m2\repository\com\vaadin\hilla-runtime-plugin-transfertypes\24.8.6\hilla-runtime-plugin-transfertypes-24.8.6.jar;C:\Users\AK\.m2\repository\com\vaadin\hilla-engine-runtime\24.8.6\hilla-engine-runtime-24.8.6.jar;C:\Users\AK\.m2\repository\org\springframework\boot\spring-boot-starter-web\3.5.4\spring-boot-starter-web-3.5.4.jar;C:\Users\AK\.m2\repository\org\springframework\boot\spring-boot-starter-json\3.5.4\spring-boot-starter-json-3.5.4.jar;C:\Users\AK\.m2\repository\org\springframework\boot\spring-boot-starter-tomcat\3.5.4\spring-boot-starter-tomcat-3.5.4.jar;C:\Users\AK\.m2\repository\org\apache\tomcat\embed\tomcat-embed-core\10.1.43\tomcat-embed-core-10.1.43.jar;C:\Users\AK\.m2\repository\org\apache\tomcat\embed\tomcat-embed-el\10.1.43\tomcat-embed-el-10.1.43.jar;C:\Users\AK\.m2\repository\org\apache\tomcat\embed\tomcat-embed-websocket\10.1.43\tomcat-embed-websocket-10.1.43.jar;C:\Users\AK\.m2\repository\org\springframework\spring-web\6.2.9\spring-web-6.2.9.jar;C:\Users\AK\.m2\repository\io\micrometer\micrometer-observation\1.15.2\micrometer-observation-1.15.2.jar;C:\Users\AK\.m2\repository\io\micrometer\micrometer-commons\1.15.2\micrometer-commons-1.15.2.jar;C:\Users\AK\.m2\repository\org\springframework\boot\spring-boot-devtools\3.5.4\spring-boot-devtools-3.5.4.jar;C:\Users\AK\.m2\repository\org\springframework\boot\spring-boot\3.5.4\spring-boot-3.5.4.jar;C:\Users\AK\.m2\repository\org\springframework\spring-context\6.2.9\spring-context-6.2.9.jar;C:\Users\AK\.m2\repository\org\springframework\boot\spring-boot-autoconfigure\3.5.4\spring-boot-autoconfigure-3.5.4.jar;C:\Users\AK\.m2\repository\org\springframework\boot\spring-boot-starter-test\3.5.4\spring-boot-starter-test-3.5.4.jar;C:\Users\AK\.m2\repository\org\springframework\boot\spring-boot-starter\3.5.4\spring-boot-starter-3.5.4.jar;C:\Users\AK\.m2\repository\org\springframework\boot\spring-boot-starter-logging\3.5.4\spring-boot-starter-logging-3.5.4.jar;C:\Users\AK\.m2\repository\ch\qos\logback\logback-classic\1.5.18\logback-classic-1.5.18.jar;C:\Users\AK\.m2\repository\ch\qos\logback\logback-core\1.5.18\logback-core-1.5.18.jar;C:\Users\AK\.m2\repository\org\apache\logging\log4j\log4j-to-slf4j\2.24.3\log4j-to-slf4j-2.24.3.jar;C:\Users\AK\.m2\repository\org\apache\logging\log4j\log4j-api\2.24.3\log4j-api-2.24.3.jar;C:\Users\AK\.m2\repository\org\slf4j\jul-to-slf4j\2.0.17\jul-to-slf4j-2.0.17.jar;C:\Users\AK\.m2\repository\jakarta\annotation\jakarta.annotation-api\2.1.1\jakarta.annotation-api-2.1.1.jar;C:\Users\AK\.m2\repository\org\yaml\snakeyaml\2.4\snakeyaml-2.4.jar;C:\Users\AK\.m2\repository\org\springframework\boot\spring-boot-test\3.5.4\spring-boot-test-3.5.4.jar;C:\Users\AK\.m2\repository\org\springframework\boot\spring-boot-test-autoconfigure\3.5.4\spring-boot-test-autoconfigure-3.5.4.jar;C:\Users\AK\.m2\repository\com\jayway\jsonpath\json-path\2.9.0\json-path-2.9.0.jar;C:\Users\AK\.m2\repository\org\slf4j\slf4j-api\2.0.17\slf4j-api-2.0.17.jar;C:\Users\AK\.m2\repository\jakarta\xml\bind\jakarta.xml.bind-api\4.0.2\jakarta.xml.bind-api-4.0.2.jar;C:\Users\AK\.m2\repository\jakarta\activation\jakarta.activation-api\2.1.3\jakarta.activation-api-2.1.3.jar;C:\Users\AK\.m2\repository\net\minidev\json-smart\2.5.2\json-smart-2.5.2.jar;C:\Users\AK\.m2\repository\net\minidev\accessors-smart\2.5.2\accessors-smart-2.5.2.jar;C:\Users\AK\.m2\repository\org\assertj\assertj-core\3.27.3\assertj-core-3.27.3.jar;C:\Users\AK\.m2\repository\net\bytebuddy\byte-buddy\1.17.6\byte-buddy-1.17.6.jar;C:\Users\AK\.m2\repository\org\awaitility\awaitility\4.2.2\awaitility-4.2.2.jar;C:\Users\AK\.m2\repository\org\hamcrest\hamcrest\3.0\hamcrest-3.0.jar;C:\Users\AK\.m2\repository\org\junit\jupiter\junit-jupiter\5.12.2\junit-jupiter-5.12.2.jar;C:\Users\AK\.m2\repository\org\junit\jupiter\junit-jupiter-api\5.12.2\junit-jupiter-api-5.12.2.jar;C:\Users\AK\.m2\repository\org\opentest4j\opentest4j\1.3.0\opentest4j-1.3.0.jar;C:\Users\AK\.m2\repository\org\junit\platform\junit-platform-commons\1.12.2\junit-platform-commons-1.12.2.jar;C:\Users\AK\.m2\repository\org\apiguardian\apiguardian-api\1.1.2\apiguardian-api-1.1.2.jar;C:\Users\AK\.m2\repository\org\junit\jupiter\junit-jupiter-params\5.12.2\junit-jupiter-params-5.12.2.jar;C:\Users\AK\.m2\repository\org\junit\jupiter\junit-jupiter-engine\5.12.2\junit-jupiter-engine-5.12.2.jar;C:\Users\AK\.m2\repository\org\junit\platform\junit-platform-engine\1.12.2\junit-platform-engine-1.12.2.jar;C:\Users\AK\.m2\repository\org\mockito\mockito-core\5.17.0\mockito-core-5.17.0.jar;C:\Users\AK\.m2\repository\net\bytebuddy\byte-buddy-agent\1.17.6\byte-buddy-agent-1.17.6.jar;C:\Users\AK\.m2\repository\org\objenesis\objenesis\3.3\objenesis-3.3.jar;C:\Users\AK\.m2\repository\org\mockito\mockito-junit-jupiter\5.17.0\mockito-junit-jupiter-5.17.0.jar;C:\Users\AK\.m2\repository\org\skyscreamer\jsonassert\1.5.3\jsonassert-1.5.3.jar;C:\Users\AK\.m2\repository\com\vaadin\external\google\android-json\0.0.20131108.vaadin1\android-json-0.0.20131108.vaadin1.jar;C:\Users\AK\.m2\repository\org\springframework\spring-core\6.2.9\spring-core-6.2.9.jar;C:\Users\AK\.m2\repository\org\springframework\spring-jcl\6.2.9\spring-jcl-6.2.9.jar;C:\Users\AK\.m2\repository\org\springframework\spring-test\6.2.9\spring-test-6.2.9.jar;C:\Users\AK\.m2\repository\org\xmlunit\xmlunit-core\2.10.3\xmlunit-core-2.10.3.jar;C:\Users\AK\.m2\repository\com\vaadin\vaadin-core\24.8.6\vaadin-core-24.8.6.jar;C:\Users\AK\.m2\repository\com\vaadin\vaadin-core-internal\24.8.6\vaadin-core-internal-24.8.6.jar;C:\Users\AK\.m2\repository\com\vaadin\flow-lit-template\24.8.5\flow-lit-template-24.8.5.jar;C:\Users\AK\.m2\repository\com\vaadin\flow-react\24.8.5\flow-react-24.8.5.jar;C:\Users\AK\.m2\repository\com\vaadin\flow-html-components\24.8.5\flow-html-components-24.8.5.jar;C:\Users\AK\.m2\repository\com\vaadin\flow-data\24.8.5\flow-data-24.8.5.jar;C:\Users\AK\.m2\repository\com\vaadin\flow-dnd\24.8.5\flow-dnd-24.8.5.jar;C:\Users\AK\.m2\repository\com\vaadin\vaadin-lumo-theme\24.8.6\vaadin-lumo-theme-24.8.6.jar;C:\Users\AK\.m2\repository\com\vaadin\vaadin-icons-flow\24.8.6\vaadin-icons-flow-24.8.6.jar;C:\Users\AK\.m2\repository\com\vaadin\vaadin-flow-components-base\24.8.6\vaadin-flow-components-base-24.8.6.jar;C:\Users\AK\.m2\repository\com\vaadin\vaadin-material-theme\24.8.6\vaadin-material-theme-24.8.6.jar;C:\Users\AK\.m2\repository\com\vaadin\vaadin-core-components\24.8.6\vaadin-core-components-24.8.6.jar;C:\Users\AK\.m2\repository\com\vaadin\vaadin-accordion-flow\24.8.6\vaadin-accordion-flow-24.8.6.jar;C:\Users\AK\.m2\repository\com\vaadin\vaadin-avatar-flow\24.8.6\vaadin-avatar-flow-24.8.6.jar;C:\Users\AK\.m2\repository\com\vaadin\vaadin-button-flow\24.8.6\vaadin-button-flow-24.8.6.jar;C:\Users\AK\.m2\repository\com\vaadin\vaadin-card-flow\24.8.6\vaadin-card-flow-24.8.6.jar;C:\Users\AK\.m2\repository\com\vaadin\vaadin-checkbox-flow\24.8.6\vaadin-checkbox-flow-24.8.6.jar;C:\Users\AK\.m2\repository\com\vaadin\vaadin-combo-box-flow\24.8.6\vaadin-combo-box-flow-24.8.6.jar;C:\Users\AK\.m2\repository\com\vaadin\vaadin-confirm-dialog-flow\24.8.6\vaadin-confirm-dialog-flow-24.8.6.jar;C:\Users\AK\.m2\repository\com\vaadin\vaadin-custom-field-flow\24.8.6\vaadin-custom-field-flow-24.8.6.jar;C:\Users\AK\.m2\repository\com\vaadin\vaadin-date-picker-flow\24.8.6\vaadin-date-picker-flow-24.8.6.jar;C:\Users\AK\.m2\repository\com\vaadin\vaadin-date-time-picker-flow\24.8.6\vaadin-date-time-picker-flow-24.8.6.jar;C:\Users\AK\.m2\repository\com\vaadin\vaadin-details-flow\24.8.6\vaadin-details-flow-24.8.6.jar;C:\Users\AK\.m2\repository\com\vaadin\vaadin-time-picker-flow\24.8.6\vaadin-time-picker-flow-24.8.6.jar;C:\Users\AK\.m2\repository\com\vaadin\vaadin-select-flow\24.8.6\vaadin-select-flow-24.8.6.jar;C:\Users\AK\.m2\repository\com\vaadin\vaadin-side-nav-flow\24.8.6\vaadin-side-nav-flow-24.8.6.jar;C:\Users\AK\.m2\repository\com\vaadin\vaadin-dialog-flow\24.8.6\vaadin-dialog-flow-24.8.6.jar;C:\Users\AK\.m2\repository\com\vaadin\vaadin-form-layout-flow\24.8.6\vaadin-form-layout-flow-24.8.6.jar;C:\Users\AK\.m2\repository\com\vaadin\vaadin-field-highlighter-flow\24.8.6\vaadin-field-highlighter-flow-24.8.6.jar;C:\Users\AK\.m2\repository\com\vaadin\vaadin-grid-flow\24.8.6\vaadin-grid-flow-24.8.6.jar;C:\Users\AK\.m2\repository\com\vaadin\vaadin-virtual-list-flow\24.8.6\vaadin-virtual-list-flow-24.8.6.jar;C:\Users\AK\.m2\repository\com\vaadin\vaadin-list-box-flow\24.8.6\vaadin-list-box-flow-24.8.6.jar;C:\Users\AK\.m2\repository\com\vaadin\vaadin-login-flow\24.8.6\vaadin-login-flow-24.8.6.jar;C:\Users\AK\.m2\repository\com\vaadin\vaadin-markdown-flow\24.8.6\vaadin-markdown-flow-24.8.6.jar;C:\Users\AK\.m2\repository\com\vaadin\vaadin-master-detail-layout-flow\24.8.6\vaadin-master-detail-layout-flow-24.8.6.jar;C:\Users\AK\.m2\repository\com\vaadin\vaadin-messages-flow\24.8.6\vaadin-messages-flow-24.8.6.jar;C:\Users\AK\.m2\repository\com\vaadin\vaadin-ordered-layout-flow\24.8.6\vaadin-ordered-layout-flow-24.8.6.jar;C:\Users\AK\.m2\repository\com\vaadin\vaadin-progress-bar-flow\24.8.6\vaadin-progress-bar-flow-24.8.6.jar;C:\Users\AK\.m2\repository\com\vaadin\vaadin-popover-flow\24.8.6\vaadin-popover-flow-24.8.6.jar;C:\Users\AK\.m2\repository\com\vaadin\vaadin-radio-button-flow\24.8.6\vaadin-radio-button-flow-24.8.6.jar;C:\Users\AK\.m2\repository\com\vaadin\vaadin-renderer-flow\24.8.6\vaadin-renderer-flow-24.8.6.jar;C:\Users\AK\.m2\repository\com\vaadin\vaadin-split-layout-flow\24.8.6\vaadin-split-layout-flow-24.8.6.jar;C:\Users\AK\.m2\repository\com\vaadin\vaadin-tabs-flow\24.8.6\vaadin-tabs-flow-24.8.6.jar;C:\Users\AK\.m2\repository\com\vaadin\vaadin-text-field-flow\24.8.6\vaadin-text-field-flow-24.8.6.jar;C:\Users\AK\.m2\repository\com\vaadin\vaadin-upload-flow\24.8.6\vaadin-upload-flow-24.8.6.jar;C:\Users\AK\.m2\repository\com\vaadin\vaadin-notification-flow\24.8.6\vaadin-notification-flow-24.8.6.jar;C:\Users\AK\.m2\repository\com\vaadin\vaadin-app-layout-flow\24.8.6\vaadin-app-layout-flow-24.8.6.jar;C:\Users\AK\.m2\repository\com\vaadin\vaadin-context-menu-flow\24.8.6\vaadin-context-menu-flow-24.8.6.jar;C:\Users\AK\.m2\repository\com\vaadin\vaadin-menu-bar-flow\24.8.6\vaadin-menu-bar-flow-24.8.6.jar;C:\Users\AK\.m2\repository\com\vaadin\collaboration-engine\6.5.0\collaboration-engine-6.5.0.jar;"/>
    <property name="sun.cpu.endian" value="little"/>
    <property name="user.home" value="C:\Users\AK"/>
    <property name="user.language" value="en"/>
    <property name="java.specification.vendor" value="Oracle Corporation"/>
    <property name="java.version.date" value="2025-07-15"/>
    <property name="java.home" value="C:\Program Files\Java\jdk-24"/>
    <property name="file.separator" value="\"/>
    <property name="basedir" value="C:\Users\AK\Desktop\CONCORDIA\Projects\deploy\Calculator Web App"/>
    <property name="java.vm.compressedOopsMode" value="Zero based"/>
    <property name="line.separator" value="&#10;"/>
    <property name="java.vm.specification.vendor" value="Oracle Corporation"/>
    <property name="java.specification.name" value="Java Platform API Specification"/>
    <property name="FILE_LOG_CHARSET" value="UTF-8"/>
    <property name="java.awt.headless" value="true"/>
    <property name="surefire.real.class.path" value="C:\Users\AK\AppData\Local\Temp\surefire13542297945594287987\surefirebooter-20250820190656448_3.jar"/>
    <property name="user.script" value=""/>
    <property name="sun.management.compiler" value="HotSpot 64-Bit Tiered Compilers"/>
    <property name="java.runtime.version" value="24.0.2+12-54"/>
    <property name="user.name" value="AK"/>
    <property name="stdout.encoding" value="Cp1252"/>
    <property name="path.separator" value=";"/>
    <property name="os.version" value="10.0"/>
    <property name="java.runtime.name" value="Java(TM) SE Runtime Environment"/>
    <property name="file.encoding" value="UTF-8"/>
    <property name="java.vm.name" value="Java HotSpot(TM) 64-Bit Server VM"/>
    <property name="localRepository" value="C:\Users\AK\.m2\repository"/>
    <property name="java.vendor.url.bug" value="https://bugreport.java.com/bugreport/"/>
    <property name="java.io.tmpdir" value="C:\Users\AK\AppData\Local\Temp\"/>
    <property name="java.version" value="24.0.2"/>
    <property name="user.dir" value="C:\Users\AK\Desktop\CONCORDIA\Projects\deploy\Calculator Web App"/>
    <property name="os.arch" value="amd64"/>
    <property name="java.vm.specification.name" value="Java Virtual Machine Specification"/>
    <property name="PID" value="36300"/>
    <property name="sun.os.patch.level" value=""/>
    <property name="CONSOLE_LOG_CHARSET" value="windows-1252"/>
    <property name="native.encoding" value="Cp1252"/>
    <property name="java.library.path" value="C:\Program Files\Java\jdk-24\bin;C:\WINDOWS\Sun\Java\bin;C:\WINDOWS\system32;C:\WINDOWS;C:\Program Files\Common Files\Oracle\Java\javapath;C:\Program Files (x86)\Common Files\Oracle\Java\java8path;C:\Program Files (x86)\Common Files\Oracle\Java\javapath;C:\WINDOWS\system32;C:\WINDOWS;C:\WINDOWS\System32\Wbem;C:\WINDOWS\System32\WindowsPowerShell\v1.0\;C:\WINDOWS\System32\OpenSSH\;C:\Program Files (x86)\NVIDIA Corporation\PhysX\Common;C:\Program Files\dotnet\;C:\Program Files\Docker\Docker\resources\bin;C:\ProgramData\chocolatey\bin;C:\Program Files\nodejs\;C:\Program Files (x86)\Windows Kits\10\Windows Performance Toolkit\;C:\ProgramData\chocolatey\lib\maven\apache-maven-3.9.11\bin;C:\Program Files\Git\cmd;C:\Users\AK\.console-ninja\.bin;C:\Users\AK\AppData\Local\Programs\Python\Python313\Scripts\;C:\Users\AK\AppData\Local\Programs\Python\Python313\;C:\Users\AK\AppData\Local\Microsoft\WindowsApps;C:\Users\AK\AppData\Local\Muse Hub\lib;C:\Users\AK\AppData\Local\Programs\Microsoft VS Code\bin;C:\Users\AK\AppData\Roaming\npm;C:\Users\AK\AppData\Local\Microsoft\WindowsApps;;."/>
    <property name="java.vm.info" value="mixed mode, sharing"/>
    <property name="stderr.encoding" value="Cp1252"/>
    <property name="java.vendor" value="Oracle Corporation"/>
    <property name="java.vm.version" value="24.0.2+12-54"/>
    <property name="sun.io.unicode.encoding" value="UnicodeLittle"/>
    <property name="java.class.version" value="68.0"/>
    <property name="LOGGED_APPLICATION_NAME" value="[calculator] "/>
  </properties>
  <testcase name="contextLoads" classname="com.example.Calculator.CalculatorApplicationTests" time="0.402">
    <system-out><![CDATA[19:06:57.268 [main] INFO org.springframework.test.context.support.AnnotationConfigContextLoaderUtils -- Could not detect default configuration classes for test class [com.example.Calculator.CalculatorApplicationTests]: CalculatorApplicationTests does not declare any static, non-private, non-final, nested classes annotated with @Configuration.
19:06:57.357 [main] INFO org.springframework.boot.test.context.SpringBootTestContextBootstrapper -- Found @SpringBootConfiguration com.example.Calculator.CalculatorApplication for test class com.example.Calculator.CalculatorApplicationTests
19:06:57.468 [main] INFO org.springframework.boot.devtools.restart.RestartApplicationListener -- Restart disabled due to context in which it is running

  .   ____          _            __ _ _
 /\\ / ___'_ __ _ _(_)_ __  __ _ \ \ \ \
( ( )\___ | '_ | '_| | '_ \/ _` | \ \ \ \
 \\/  ___)| |_)| | | | | || (_| |  ) ) ) )
  '  |____| .__|_| |_|_| |_\__, | / / / /
 =========|_|==============|___/=/_/_/_/

 :: Spring Boot ::                (v3.5.4)

2025-08-20T19:06:57.683-04:00  INFO 36300 --- [calculator] [           main] c.e.C.CalculatorApplicationTests         : Starting CalculatorApplicationTests using Java 24.0.2 with PID 36300 (started by AK in C:\Users\AK\Desktop\CONCORDIA\Projects\deploy\Calculator Web App)
2025-08-20T19:06:57.683-04:00  INFO 36300 --- [calculator] [           main] c.e.C.CalculatorApplicationTests         : No active profile set, falling back to 1 default profile: "default"
2025-08-20T19:06:58.814-04:00  INFO 36300 --- [calculator] [           main] org.atmosphere.cpr.AtmosphereFramework   : Installed AtmosphereHandler com.vaadin.hilla.push.PushEndpoint mapped to context-path: /HILLA/push
2025-08-20T19:06:58.815-04:00  INFO 36300 --- [calculator] [           main] org.atmosphere.cpr.AtmosphereFramework   : Installed the following AtmosphereInterceptor mapped to AtmosphereHandler com.vaadin.hilla.push.PushEndpoint
2025-08-20T19:06:58.815-04:00  INFO 36300 --- [calculator] [           main] org.atmosphere.cpr.AtmosphereFramework   : 	org.atmosphere.interceptor.AtmosphereResourceLifecycleInterceptor : Atmosphere LifeCycle
2025-08-20T19:06:58.815-04:00  INFO 36300 --- [calculator] [           main] org.atmosphere.cpr.AtmosphereFramework   : 	org.atmosphere.client.TrackMessageSizeInterceptor :  Track Message Size Interceptor using |
2025-08-20T19:06:58.815-04:00  INFO 36300 --- [calculator] [           main] org.atmosphere.cpr.AtmosphereFramework   : 	org.atmosphere.interceptor.SuspendTrackerInterceptor : UUID Tracking Interceptor
2025-08-20T19:06:58.867-04:00  INFO 36300 --- [calculator] [           main] c.e.C.CalculatorApplicationTests         : Started CalculatorApplicationTests in 1.409 seconds (process running for 2.344)
]]></system-out>
    <system-err><![CDATA[Mockito is currently self-attaching to enable the inline-mock-maker. This will no longer work in future releases of the JDK. Please add Mockito as an agent to your build as described in Mockito's documentation: https://javadoc.io/doc/org.mockito/mockito-core/latest/org.mockito/org/mockito/Mockito.html#0.3
WARNING: A Java agent has been loaded dynamically (C:\Users\AK\.m2\repository\net\bytebuddy\byte-buddy-agent\1.17.6\byte-buddy-agent-1.17.6.jar)
WARNING: If a serviceability tool is in use, please run with -XX:+EnableDynamicAgentLoading to hide this warning
WARNING: If a serviceability tool is not in use, please run with -Djdk.instrument.traceUsage for more information
WARNING: Dynamic loading of agents will be disallowed by default in a future release
]]></system-err>
  </testcase>
</testsuite>